{
    "meta": {
        "version": "7.3.2",
        "timestamp": "2023-11-28T15:49:16.088927",
        "branch_coverage": false,
        "show_contexts": false
    },
    "files": {
        "src/index.py": {
            "executed_lines": [],
            "summary": {
                "covered_lines": 0,
                "num_statements": 11,
                "percent_covered": 0.0,
                "percent_covered_display": "0.00",
                "missing_lines": 11,
                "excluded_lines": 0
            },
            "missing_lines": [
                1,
                2,
                3,
                5,
                6,
                7,
                9,
                11,
                12,
                14,
                16
            ],
            "excluded_lines": []
        },
        "src/services/db_service.py": {
            "executed_lines": [],
            "summary": {
                "covered_lines": 0,
                "num_statements": 22,
                "percent_covered": 0.0,
                "percent_covered_display": "0.00",
                "missing_lines": 22,
                "excluded_lines": 0
            },
            "missing_lines": [
                1,
                2,
                5,
                6,
                7,
                8,
                9,
                10,
                12,
                13,
                15,
                16,
                17,
                19,
                20,
                22,
                24,
                25,
                26,
                27,
                29,
                37
            ],
            "excluded_lines": []
        },
        "src/services/logger_factory.py": {
            "executed_lines": [],
            "summary": {
                "covered_lines": 0,
                "num_statements": 23,
                "percent_covered": 0.0,
                "percent_covered_display": "0.00",
                "missing_lines": 23,
                "excluded_lines": 0
            },
            "missing_lines": [
                1,
                3,
                6,
                7,
                8,
                10,
                11,
                12,
                14,
                17,
                19,
                22,
                24,
                27,
                29,
                30,
                32,
                33,
                35,
                36,
                38,
                39,
                40
            ],
            "excluded_lines": []
        },
        "src/services/scraped_data_processor.py": {
            "executed_lines": [],
            "summary": {
                "covered_lines": 0,
                "num_statements": 6,
                "percent_covered": 0.0,
                "percent_covered_display": "0.00",
                "missing_lines": 6,
                "excluded_lines": 0
            },
            "missing_lines": [
                1,
                4,
                15,
                16,
                18,
                21
            ],
            "excluded_lines": []
        },
        "src/services/scraper_service.py": {
            "executed_lines": [],
            "summary": {
                "covered_lines": 0,
                "num_statements": 68,
                "percent_covered": 0.0,
                "percent_covered_display": "0.00",
                "missing_lines": 68,
                "excluded_lines": 0
            },
            "missing_lines": [
                1,
                3,
                4,
                6,
                7,
                8,
                11,
                12,
                13,
                14,
                16,
                18,
                19,
                20,
                22,
                23,
                25,
                26,
                27,
                29,
                30,
                31,
                33,
                36,
                38,
                41,
                43,
                44,
                45,
                47,
                50,
                51,
                52,
                54,
                57,
                58,
                59,
                63,
                69,
                71,
                75,
                81,
                83,
                85,
                86,
                87,
                89,
                90,
                91,
                93,
                94,
                95,
                96,
                98,
                99,
                100,
                101,
                103,
                104,
                105,
                107,
                108,
                112,
                113,
                115,
                117,
                118,
                122
            ],
            "excluded_lines": []
        },
        "src/utils/index.py": {
            "executed_lines": [],
            "summary": {
                "covered_lines": 0,
                "num_statements": 16,
                "percent_covered": 0.0,
                "percent_covered_display": "0.00",
                "missing_lines": 16,
                "excluded_lines": 0
            },
            "missing_lines": [
                1,
                2,
                5,
                6,
                8,
                9,
                10,
                12,
                13,
                16,
                19,
                24,
                25,
                26,
                27,
                32
            ],
            "excluded_lines": []
        }
    },
    "totals": {
        "covered_lines": 0,
        "num_statements": 146,
        "percent_covered": 0.0,
        "percent_covered_display": "0.00",
        "missing_lines": 146,
        "excluded_lines": 0
    }
}
